[debug] [2026-03-07T07:54:15.689Z] ----------------------------------------------------------------------
[debug] [2026-03-07T07:54:15.692Z] Command:       /usr/bin/node /usr/bin/firebase login:ci --no-localhost
[debug] [2026-03-07T07:54:15.692Z] CLI Version:   15.8.0
[debug] [2026-03-07T07:54:15.692Z] Platform:      linux
[debug] [2026-03-07T07:54:15.692Z] Node Version:  v25.6.0
[debug] [2026-03-07T07:54:15.693Z] Time:          Sat Mar 07 2026 12:54:15 GMT+0500 (Pakistan Standard Time)
[debug] [2026-03-07T07:54:15.693Z] ----------------------------------------------------------------------
[debug] 
[warn] ⚠  Authenticating with a `login:ci` token is deprecated and will be removed in a future major version of `firebase-tools`. Instead, use a service account key with `GOOGLE_APPLICATION_CREDENTIALS`: https://cloud.google.com/docs/authentication/getting-started 
[debug] [2026-03-07T07:54:15.938Z] >>> [apiv2][query] POST https://auth.firebase.tools/attest [none]
[debug] [2026-03-07T07:54:15.938Z] >>> [apiv2][body] POST https://auth.firebase.tools/attest {"session_id":"47216ced-9058-4ae8-a0d0-4559477af368"}
[debug] [2026-03-07T07:54:17.090Z] <<< [apiv2][status] POST https://auth.firebase.tools/attest 200
[debug] [2026-03-07T07:54:17.091Z] <<< [apiv2][body] POST https://auth.firebase.tools/attest {"token":"bGfUFpOFAGpHL0i2cxJZZPOJMtsWhshdL6iya6NgzBs"}
[info] 
[info] To sign in to the Firebase CLI:
[info] 
[info] 1. Take note of your session ID:
[info] 
[info]    47216
[info] 
[info] 2. Visit the URL below on any device and follow the instructions to get your code:
[info] 
[info]    https://auth.firebase.tools/login?code_challenge=GSdXiY1wClPdZw-ljrrPkyy0FEP3QsI17Da9txMte58&session=47216ced-9058-4ae8-a0d0-4559477af368&attest=bGfUFpOFAGpHL0i2cxJZZPOJMtsWhshdL6iya6NgzBs
[info] 
[info] 3. Paste or enter the authorization code below once you have it:
[info] 
[debug] [2026-03-07T08:38:36.904Z] ExitPromptError: User force closed the prompt with SIGINT
    at Interface.sigint (/usr/lib/node_modules/firebase-tools/node_modules/@inquirer/core/dist/commonjs/lib/create-prompt.js:101:37)
    at Interface.emit (node:events:508:20)
    at [_ttyWrite] [as _ttyWrite] (node:internal/readline/interface:1327:18)
    at ReadStream.onkeypress (node:internal/readline/interface:284:20)
    at ReadStream.emit (node:events:520:22)
    at emitKeys (node:internal/readline/utils:371:14)
    at emitKeys.next (<anonymous>)
    at ReadStream.onData (node:internal/readline/emitKeypressEvents:64:36)
    at ReadStream.emit (node:events:508:20)
    at addChunk (node:internal/streams/readable:564:12)
[error] 
[error] Error: An unexpected error has occurred.
